# JRE version: OpenJDK Runtime Environment (8.0_212-b04) (build 1.8.0_212-b04)
# Java VM: OpenJDK 64-Bit Server VM (25.212-b04 mixed mode windows-amd64 compressed oops)
Heap:
 PSYoungGen      total 75776K, used 15373K [0x000000076bb80000, 0x0000000771000000, 0x00000007c0000000)
  eden space 65024K, 23% used [0x000000076bb80000,0x000000076ca836b8,0x000000076fb00000)
  from space 10752K, 0% used [0x0000000770580000,0x0000000770580000,0x0000000771000000)
  to   space 10752K, 0% used [0x000000076fb00000,0x000000076fb00000,0x0000000770580000)
 ParOldGen       total 173568K, used 4809K [0x00000006c3200000, 0x00000006cdb80000, 0x000000076bb80000)
  object space 173568K, 2% used [0x00000006c3200000,0x00000006c36b2740,0x00000006cdb80000)
 Metaspace       used 16462K, capacity 16653K, committed 16896K, reserved 1064960K
  class space    used 1882K, capacity 1974K, committed 2048K, reserved 1048576K
GC Heap History (8 events):
Event: 2.662 GC heap before
{Heap before GC invocations=1 (full 0):
 PSYoungGen      total 75776K, used 16872K [0x000000076bb80000, 0x0000000771000000, 0x00000007c0000000)
  eden space 65024K, 25% used [0x000000076bb80000,0x000000076cbfa1c0,0x000000076fb00000)
  from space 10752K, 0% used [0x0000000770580000,0x0000000770580000,0x0000000771000000)
  to   space 10752K, 0% used [0x000000076fb00000,0x000000076fb00000,0x0000000770580000)
 ParOldGen       total 173568K, used 0K [0x00000006c3200000, 0x00000006cdb80000, 0x000000076bb80000)
  object space 173568K, 0% used [0x00000006c3200000,0x00000006c3200000,0x00000006cdb80000)
 Metaspace       used 12865K, capacity 13066K, committed 13312K, reserved 1060864K
  class space    used 1606K, capacity 1686K, committed 1792K, reserved 1048576K
Event: 2.670 GC heap after
Heap after GC invocations=1 (full 0):
 PSYoungGen      total 75776K, used 7503K [0x000000076bb80000, 0x0000000771000000, 0x00000007c0000000)
  eden space 65024K, 0% used [0x000000076bb80000,0x000000076bb80000,0x000000076fb00000)
  from space 10752K, 69% used [0x000000076fb00000,0x0000000770253f88,0x0000000770580000)
  to   space 10752K, 0% used [0x0000000770580000,0x0000000770580000,0x0000000771000000)
 ParOldGen       total 173568K, used 24K [0x00000006c3200000, 0x00000006cdb80000, 0x000000076bb80000)
  object space 173568K, 0% used [0x00000006c3200000,0x00000006c3206000,0x00000006cdb80000)
 Metaspace       used 12865K, capacity 13066K, committed 13312K, reserved 1060864K
  class space    used 1606K, capacity 1686K, committed 1792K, reserved 1048576K
}
Event: 2.670 GC heap before
{Heap before GC invocations=2 (full 1):
 PSYoungGen      total 75776K, used 7503K [0x000000076bb80000, 0x0000000771000000, 0x00000007c0000000)
  eden space 65024K, 0% used [0x000000076bb80000,0x000000076bb80000,0x000000076fb00000)
  from space 10752K, 69% used [0x000000076fb00000,0x0000000770253f88,0x0000000770580000)
  to   space 10752K, 0% used [0x0000000770580000,0x0000000770580000,0x0000000771000000)
 ParOldGen       total 173568K, used 24K [0x00000006c3200000, 0x00000006cdb80000, 0x000000076bb80000)
  object space 173568K, 0% used [0x00000006c3200000,0x00000006c3206000,0x00000006cdb80000)
 Metaspace       used 12865K, capacity 13066K, committed 13312K, reserved 1060864K
  class space    used 1606K, capacity 1686K, committed 1792K, reserved 1048576K
Event: 2.694 GC heap after
Heap after GC invocations=2 (full 1):
 PSYoungGen      total 75776K, used 0K [0x000000076bb80000, 0x0000000771000000, 0x00000007c0000000)
  eden space 65024K, 0% used [0x000000076bb80000,0x000000076bb80000,0x000000076fb00000)
  from space 10752K, 0% used [0x000000076fb00000,0x000000076fb00000,0x0000000770580000)
  to   space 10752K, 0% used [0x0000000770580000,0x0000000770580000,0x0000000771000000)
 ParOldGen       total 173568K, used 4809K [0x00000006c3200000, 0x00000006cdb80000, 0x000000076bb80000)
  object space 173568K, 2% used [0x00000006c3200000,0x00000006c36b2740,0x00000006cdb80000)
 Metaspace       used 12865K, capacity 13066K, committed 13312K, reserved 1060864K
  class space    used 1606K, capacity 1686K, committed 1792K, reserved 1048576K
}
Event: 2.695 GC heap before
{Heap before GC invocations=3 (full 1):
 PSYoungGen      total 75776K, used 0K [0x000000076bb80000, 0x0000000771000000, 0x00000007c0000000)
  eden space 65024K, 0% used [0x000000076bb80000,0x000000076bb80000,0x000000076fb00000)
  from space 10752K, 0% used [0x000000076fb00000,0x000000076fb00000,0x0000000770580000)
  to   space 10752K, 0% used [0x0000000770580000,0x0000000770580000,0x0000000771000000)
 ParOldGen       total 173568K, used 4809K [0x00000006c3200000, 0x00000006cdb80000, 0x000000076bb80000)
  object space 173568K, 2% used [0x00000006c3200000,0x00000006c36b2740,0x00000006cdb80000)
 Metaspace       used 12865K, capacity 13066K, committed 13312K, reserved 1060864K
  class space    used 1606K, capacity 1686K, committed 1792K, reserved 1048576K
Event: 2.697 GC heap after
Heap after GC invocations=3 (full 1):
 PSYoungGen      total 75776K, used 0K [0x000000076bb80000, 0x0000000771000000, 0x00000007c0000000)
  eden space 65024K, 0% used [0x000000076bb80000,0x000000076bb80000,0x000000076fb00000)
  from space 10752K, 0% used [0x0000000770580000,0x0000000770580000,0x0000000771000000)
  to   space 10752K, 0% used [0x000000076fb00000,0x000000076fb00000,0x0000000770580000)
 ParOldGen       total 173568K, used 4809K [0x00000006c3200000, 0x00000006cdb80000, 0x000000076bb80000)
  object space 173568K, 2% used [0x00000006c3200000,0x00000006c36b2740,0x00000006cdb80000)
 Metaspace       used 12865K, capacity 13066K, committed 13312K, reserved 1060864K
  class space    used 1606K, capacity 1686K, committed 1792K, reserved 1048576K
}
Event: 2.697 GC heap before
{Heap before GC invocations=4 (full 2):
 PSYoungGen      total 75776K, used 0K [0x000000076bb80000, 0x0000000771000000, 0x00000007c0000000)
  eden space 65024K, 0% used [0x000000076bb80000,0x000000076bb80000,0x000000076fb00000)
  from space 10752K, 0% used [0x0000000770580000,0x0000000770580000,0x0000000771000000)
  to   space 10752K, 0% used [0x000000076fb00000,0x000000076fb00000,0x0000000770580000)
 ParOldGen       total 173568K, used 4809K [0x00000006c3200000, 0x00000006cdb80000, 0x000000076bb80000)
  object space 173568K, 2% used [0x00000006c3200000,0x00000006c36b2740,0x00000006cdb80000)
 Metaspace       used 12865K, capacity 13066K, committed 13312K, reserved 1060864K
  class space    used 1606K, capacity 1686K, committed 1792K, reserved 1048576K
Event: 2.706 GC heap after
Heap after GC invocations=4 (full 2):
 PSYoungGen      total 75776K, used 0K [0x000000076bb80000, 0x0000000771000000, 0x00000007c0000000)
  eden space 65024K, 0% used [0x000000076bb80000,0x000000076bb80000,0x000000076fb00000)
  from space 10752K, 0% used [0x0000000770580000,0x0000000770580000,0x0000000771000000)
  to   space 10752K, 0% used [0x000000076fb00000,0x000000076fb00000,0x0000000770580000)
 ParOldGen       total 173568K, used 4809K [0x00000006c3200000, 0x00000006cdb80000, 0x000000076bb80000)
  object space 173568K, 2% used [0x00000006c3200000,0x00000006c36b2740,0x00000006cdb80000)
 Metaspace       used 12865K, capacity 13066K, committed 13312K, reserved 1060864K
  class space    used 1606K, capacity 1686K, committed 1792K, reserved 1048576K
}

