# JRE version: OpenJDK Runtime Environment (8.0_212-b04) (build 1.8.0_212-b04)
# Java VM: OpenJDK 64-Bit Server VM (25.212-b04 mixed mode windows-amd64 compressed oops)
Heap:
 PSYoungGen      total 75776K, used 17183K [0x000000076bb80000, 0x0000000771000000, 0x00000007c0000000)
  eden space 65024K, 26% used [0x000000076bb80000,0x000000076cc47c60,0x000000076fb00000)
  from space 10752K, 0% used [0x0000000770580000,0x0000000770580000,0x0000000771000000)
  to   space 10752K, 0% used [0x000000076fb00000,0x000000076fb00000,0x0000000770580000)
 ParOldGen       total 173568K, used 4848K [0x00000006c3200000, 0x00000006cdb80000, 0x000000076bb80000)
  object space 173568K, 2% used [0x00000006c3200000,0x00000006c36bc1a0,0x00000006cdb80000)
 Metaspace       used 16840K, capacity 17045K, committed 17152K, reserved 1064960K
  class space    used 1934K, capacity 2038K, committed 2048K, reserved 1048576K
GC Heap History (8 events):
Event: 6.010 GC heap before
{Heap before GC invocations=1 (full 0):
 PSYoungGen      total 75776K, used 18173K [0x000000076bb80000, 0x0000000771000000, 0x00000007c0000000)
  eden space 65024K, 27% used [0x000000076bb80000,0x000000076cd3f7e0,0x000000076fb00000)
  from space 10752K, 0% used [0x0000000770580000,0x0000000770580000,0x0000000771000000)
  to   space 10752K, 0% used [0x000000076fb00000,0x000000076fb00000,0x0000000770580000)
 ParOldGen       total 173568K, used 0K [0x00000006c3200000, 0x00000006cdb80000, 0x000000076bb80000)
  object space 173568K, 0% used [0x00000006c3200000,0x00000006c3200000,0x00000006cdb80000)
 Metaspace       used 13252K, capacity 13522K, committed 13824K, reserved 1060864K
  class space    used 1659K, capacity 1750K, committed 1792K, reserved 1048576K
Event: 6.014 GC heap after
Heap after GC invocations=1 (full 0):
 PSYoungGen      total 75776K, used 10734K [0x000000076bb80000, 0x0000000771000000, 0x00000007c0000000)
  eden space 65024K, 0% used [0x000000076bb80000,0x000000076bb80000,0x000000076fb00000)
  from space 10752K, 99% used [0x000000076fb00000,0x000000077057bb10,0x0000000770580000)
  to   space 10752K, 0% used [0x0000000770580000,0x0000000770580000,0x0000000771000000)
 ParOldGen       total 173568K, used 42K [0x00000006c3200000, 0x00000006cdb80000, 0x000000076bb80000)
  object space 173568K, 0% used [0x00000006c3200000,0x00000006c320aab0,0x00000006cdb80000)
 Metaspace       used 13252K, capacity 13522K, committed 13824K, reserved 1060864K
  class space    used 1659K, capacity 1750K, committed 1792K, reserved 1048576K
}
Event: 6.014 GC heap before
{Heap before GC invocations=2 (full 1):
 PSYoungGen      total 75776K, used 10734K [0x000000076bb80000, 0x0000000771000000, 0x00000007c0000000)
  eden space 65024K, 0% used [0x000000076bb80000,0x000000076bb80000,0x000000076fb00000)
  from space 10752K, 99% used [0x000000076fb00000,0x000000077057bb10,0x0000000770580000)
  to   space 10752K, 0% used [0x0000000770580000,0x0000000770580000,0x0000000771000000)
 ParOldGen       total 173568K, used 42K [0x00000006c3200000, 0x00000006cdb80000, 0x000000076bb80000)
  object space 173568K, 0% used [0x00000006c3200000,0x00000006c320aab0,0x00000006cdb80000)
 Metaspace       used 13252K, capacity 13522K, committed 13824K, reserved 1060864K
  class space    used 1659K, capacity 1750K, committed 1792K, reserved 1048576K
Event: 6.030 GC heap after
Heap after GC invocations=2 (full 1):
 PSYoungGen      total 75776K, used 0K [0x000000076bb80000, 0x0000000771000000, 0x00000007c0000000)
  eden space 65024K, 0% used [0x000000076bb80000,0x000000076bb80000,0x000000076fb00000)
  from space 10752K, 0% used [0x000000076fb00000,0x000000076fb00000,0x0000000770580000)
  to   space 10752K, 0% used [0x0000000770580000,0x0000000770580000,0x0000000771000000)
 ParOldGen       total 173568K, used 4848K [0x00000006c3200000, 0x00000006cdb80000, 0x000000076bb80000)
  object space 173568K, 2% used [0x00000006c3200000,0x00000006c36bc1a0,0x00000006cdb80000)
 Metaspace       used 13252K, capacity 13522K, committed 13824K, reserved 1060864K
  class space    used 1659K, capacity 1750K, committed 1792K, reserved 1048576K
}
Event: 6.030 GC heap before
{Heap before GC invocations=3 (full 1):
 PSYoungGen      total 75776K, used 0K [0x000000076bb80000, 0x0000000771000000, 0x00000007c0000000)
  eden space 65024K, 0% used [0x000000076bb80000,0x000000076bb80000,0x000000076fb00000)
  from space 10752K, 0% used [0x000000076fb00000,0x000000076fb00000,0x0000000770580000)
  to   space 10752K, 0% used [0x0000000770580000,0x0000000770580000,0x0000000771000000)
 ParOldGen       total 173568K, used 4848K [0x00000006c3200000, 0x00000006cdb80000, 0x000000076bb80000)
  object space 173568K, 2% used [0x00000006c3200000,0x00000006c36bc1a0,0x00000006cdb80000)
 Metaspace       used 13252K, capacity 13522K, committed 13824K, reserved 1060864K
  class space    used 1659K, capacity 1750K, committed 1792K, reserved 1048576K
Event: 6.031 GC heap after
Heap after GC invocations=3 (full 1):
 PSYoungGen      total 75776K, used 0K [0x000000076bb80000, 0x0000000771000000, 0x00000007c0000000)
  eden space 65024K, 0% used [0x000000076bb80000,0x000000076bb80000,0x000000076fb00000)
  from space 10752K, 0% used [0x0000000770580000,0x0000000770580000,0x0000000771000000)
  to   space 10752K, 0% used [0x000000076fb00000,0x000000076fb00000,0x0000000770580000)
 ParOldGen       total 173568K, used 4848K [0x00000006c3200000, 0x00000006cdb80000, 0x000000076bb80000)
  object space 173568K, 2% used [0x00000006c3200000,0x00000006c36bc1a0,0x00000006cdb80000)
 Metaspace       used 13252K, capacity 13522K, committed 13824K, reserved 1060864K
  class space    used 1659K, capacity 1750K, committed 1792K, reserved 1048576K
}
Event: 6.031 GC heap before
{Heap before GC invocations=4 (full 2):
 PSYoungGen      total 75776K, used 0K [0x000000076bb80000, 0x0000000771000000, 0x00000007c0000000)
  eden space 65024K, 0% used [0x000000076bb80000,0x000000076bb80000,0x000000076fb00000)
  from space 10752K, 0% used [0x0000000770580000,0x0000000770580000,0x0000000771000000)
  to   space 10752K, 0% used [0x000000076fb00000,0x000000076fb00000,0x0000000770580000)
 ParOldGen       total 173568K, used 4848K [0x00000006c3200000, 0x00000006cdb80000, 0x000000076bb80000)
  object space 173568K, 2% used [0x00000006c3200000,0x00000006c36bc1a0,0x00000006cdb80000)
 Metaspace       used 13252K, capacity 13522K, committed 13824K, reserved 1060864K
  class space    used 1659K, capacity 1750K, committed 1792K, reserved 1048576K
Event: 6.037 GC heap after
Heap after GC invocations=4 (full 2):
 PSYoungGen      total 75776K, used 0K [0x000000076bb80000, 0x0000000771000000, 0x00000007c0000000)
  eden space 65024K, 0% used [0x000000076bb80000,0x000000076bb80000,0x000000076fb00000)
  from space 10752K, 0% used [0x0000000770580000,0x0000000770580000,0x0000000771000000)
  to   space 10752K, 0% used [0x000000076fb00000,0x000000076fb00000,0x0000000770580000)
 ParOldGen       total 173568K, used 4848K [0x00000006c3200000, 0x00000006cdb80000, 0x000000076bb80000)
  object space 173568K, 2% used [0x00000006c3200000,0x00000006c36bc1a0,0x00000006cdb80000)
 Metaspace       used 13252K, capacity 13522K, committed 13824K, reserved 1060864K
  class space    used 1659K, capacity 1750K, committed 1792K, reserved 1048576K
}

